<?xml version="1.0" encoding="UTF-8" ?>
<testsuite tests="5" failures="0" name="br.senac.peng.livraria.teste.TesteBancoDeDados" time="0.078" errors="0" skipped="1">
  <properties>
[...]
</properties>
  <testcase classname="br.senac.peng.livraria.teste.TesteBancoDeDados" name="teste01ConteudoZeroNoBanco" time="0.01"/>
  <testcase classname="br.senac.peng.livraria.teste.TesteBancoDeDados" name="teste02ZeroLivrosNoBanco" time="0"/>
  <testcase classname="br.senac.peng.livraria.teste.TesteBancoDeDados" name="teste03InserirConteudoNoBanco" time="0.065"/>
  <testcase classname="br.senac.peng.livraria.teste.TesteBancoDeDados" name="teste04ConteudoUmLivroEmTextoNoBanco" time="0.001"/>
  <testcase classname="br.senac.peng.livraria.teste.TesteBancoDeDados" name="teste05ApagarLivro" time="0.002">
    <skipped/>
  </testcase>
</testsuite>